../clean_output/iqtree/allSpecies/OG0017134_mafft_trimal.treefile moved
../clean_output/iqtree/allSpecies/OG0017136_mafft_trimal.treefile moved
../clean_output/iqtree/allSpecies/OG0017137_mafft_trimal.treefile moved
../clean_output/iqtree/allSpecies/OG0017141_mafft_trimal.treefile moved
../clean_output/iqtree/allSpecies/OG0017142_mafft_trimal.treefile moved
../clean_output/iqtree/allSpecies/OG0017144_mafft_trimal.treefile moved
../clean_output/iqtree/allSpecies/OG0017146_mafft_trimal.treefile moved
../clean_output/iqtree/allSpecies/OG0017147_mafft_trimal.treefile moved
../clean_output/iqtree/allSpecies/OG0017152_mafft_trimal.treefile moved
../clean_output/iqtree/allSpecies/OG0017154_mafft_trimal.treefile moved
../clean_output/iqtree/allSpecies/OG0017156_mafft_trimal.treefile moved
../clean_output/iqtree/allSpecies/OG0017157_mafft_trimal.treefile moved
../clean_output/iqtree/allSpecies/OG0017158_mafft_trimal.treefile moved
../clean_output/iqtree/allSpecies/OG0017159_mafft_trimal.treefile moved
../clean_output/iqtree/allSpecies/OG0017160_mafft_trimal.treefile moved
../clean_output/iqtree/allSpecies/OG0017164_mafft_trimal.treefile moved
../clean_output/iqtree/allSpecies/OG0017166_mafft_trimal.treefile moved
../clean_output/iqtree/allSpecies/OG0017170_mafft_trimal.treefile moved
../clean_output/iqtree/allSpecies/OG0017171_mafft_trimal.treefile moved
../clean_output/iqtree/allSpecies/OG0017172_mafft_trimal.treefile moved
../clean_output/iqtree/allSpecies/OG0017173_mafft_trimal.treefile moved
../clean_output/iqtree/allSpecies/OG0017174_mafft_trimal.treefile moved
../clean_output/iqtree/allSpecies/OG0017176_mafft_trimal.treefile moved
../clean_output/iqtree/allSpecies/OG0017178_mafft_trimal.treefile moved
../clean_output/iqtree/allSpecies/OG0017180_mafft_trimal.treefile moved
../clean_output/iqtree/allSpecies/OG0017181_mafft_trimal.treefile moved
../clean_output/iqtree/allSpecies/OG0017182_mafft_trimal.treefile moved
../clean_output/iqtree/allSpecies/OG0017185_mafft_trimal.treefile moved
../clean_output/iqtree/allSpecies/OG0017186_mafft_trimal.treefile moved
../clean_output/iqtree/allSpecies/OG0017187_mafft_trimal.treefile moved
../clean_output/iqtree/allSpecies/OG0017190_mafft_trimal.treefile moved
../clean_output/iqtree/allSpecies/OG0017192_mafft_trimal.treefile moved
../clean_output/iqtree/allSpecies/OG0017193_mafft_trimal.treefile moved
../clean_output/iqtree/allSpecies/OG0017194_mafft_trimal.treefile moved
../clean_output/iqtree/allSpecies/OG0017195_mafft_trimal.treefile moved
../clean_output/iqtree/allSpecies/OG0017197_mafft_trimal.treefile moved
../clean_output/iqtree/allSpecies/OG0017198_mafft_trimal.treefile moved
../clean_output/iqtree/allSpecies/OG0017199_mafft_trimal.treefile moved
../clean_output/iqtree/allSpecies/OG0017202_mafft_trimal.treefile moved
../clean_output/iqtree/allSpecies/OG0017203_mafft_trimal.treefile moved
../clean_output/iqtree/allSpecies/OG0017204_mafft_trimal.treefile moved
../clean_output/iqtree/allSpecies/OG0017205_mafft_trimal.treefile moved
../clean_output/iqtree/allSpecies/OG0017209_mafft_trimal.treefile moved
../clean_output/iqtree/allSpecies/OG0017210_mafft_trimal.treefile moved
../clean_output/iqtree/allSpecies/OG0017211_mafft_trimal.treefile moved
../clean_output/iqtree/allSpecies/OG0017212_mafft_trimal.treefile moved
../clean_output/iqtree/allSpecies/OG0017214_mafft_trimal.treefile moved
../clean_output/iqtree/allSpecies/OG0017215_mafft_trimal.treefile moved
../clean_output/iqtree/allSpecies/OG0017216_mafft_trimal.treefile moved
../clean_output/iqtree/allSpecies/OG0017219_mafft_trimal.treefile moved
../clean_output/iqtree/allSpecies/OG0017221_mafft_trimal.treefile moved
../clean_output/iqtree/allSpecies/OG0017222_mafft_trimal.treefile moved
../clean_output/iqtree/allSpecies/OG0017224_mafft_trimal.treefile moved
../clean_output/iqtree/allSpecies/OG0017225_mafft_trimal.treefile moved
../clean_output/iqtree/allSpecies/OG0017227_mafft_trimal.treefile moved
../clean_output/iqtree/allSpecies/OG0017228_mafft_trimal.treefile moved
../clean_output/iqtree/allSpecies/OG0017233_mafft_trimal.treefile moved
../clean_output/iqtree/allSpecies/OG0017237_mafft_trimal.treefile moved
../clean_output/iqtree/allSpecies/OG0017238_mafft_trimal.treefile moved
../clean_output/iqtree/allSpecies/OG0017240_mafft_trimal.treefile moved
../clean_output/iqtree/allSpecies/OG0017242_mafft_trimal.treefile moved
../clean_output/iqtree/allSpecies/OG0017243_mafft_trimal.treefile moved
../clean_output/iqtree/allSpecies/OG0017244_mafft_trimal.treefile moved
../clean_output/iqtree/allSpecies/OG0017245_mafft_trimal.treefile moved
../clean_output/iqtree/allSpecies/OG0017248_mafft_trimal.treefile moved
../clean_output/iqtree/allSpecies/OG0017249_mafft_trimal.treefile moved
../clean_output/iqtree/allSpecies/OG0017250_mafft_trimal.treefile moved
../clean_output/iqtree/allSpecies/OG0017252_mafft_trimal.treefile moved
../clean_output/iqtree/allSpecies/OG0017253_mafft_trimal.treefile moved
../clean_output/iqtree/allSpecies/OG0017255_mafft_trimal.treefile moved
../clean_output/iqtree/allSpecies/OG0017258_mafft_trimal.treefile moved
../clean_output/iqtree/allSpecies/OG0017259_mafft_trimal.treefile moved
../clean_output/iqtree/allSpecies/OG0017260_mafft_trimal.treefile moved
../clean_output/iqtree/allSpecies/OG0017264_mafft_trimal.treefile moved
../clean_output/iqtree/allSpecies/OG0017266_mafft_trimal.treefile moved
../clean_output/iqtree/allSpecies/OG0017267_mafft_trimal.treefile moved
../clean_output/iqtree/allSpecies/OG0017268_mafft_trimal.treefile moved
../clean_output/iqtree/allSpecies/OG0017269_mafft_trimal.treefile moved
../clean_output/iqtree/allSpecies/OG0017271_mafft_trimal.treefile moved
../clean_output/iqtree/allSpecies/OG0017273_mafft_trimal.treefile moved
../clean_output/iqtree/allSpecies/OG0017275_mafft_trimal.treefile moved
../clean_output/iqtree/allSpecies/OG0017276_mafft_trimal.treefile moved
../clean_output/iqtree/allSpecies/OG0017278_mafft_trimal.treefile moved
../clean_output/iqtree/allSpecies/OG0017281_mafft_trimal.treefile moved
../clean_output/iqtree/allSpecies/OG0017282_mafft_trimal.treefile moved
../clean_output/iqtree/allSpecies/OG0017285_mafft_trimal.treefile moved
../clean_output/iqtree/allSpecies/OG0017287_mafft_trimal.treefile moved
../clean_output/iqtree/allSpecies/OG0017289_mafft_trimal.treefile moved
../clean_output/iqtree/allSpecies/OG0017290_mafft_trimal.treefile moved
../clean_output/iqtree/allSpecies/OG0017292_mafft_trimal.treefile moved
../clean_output/iqtree/allSpecies/OG0017293_mafft_trimal.treefile moved
../clean_output/iqtree/allSpecies/OG0017296_mafft_trimal.treefile moved
../clean_output/iqtree/allSpecies/OG0017297_mafft_trimal.treefile moved
../clean_output/iqtree/allSpecies/OG0017298_mafft_trimal.treefile moved
../clean_output/iqtree/allSpecies/OG0017300_mafft_trimal.treefile moved
../clean_output/iqtree/allSpecies/OG0017301_mafft_trimal.treefile moved
../clean_output/iqtree/allSpecies/OG0017302_mafft_trimal.treefile moved
../clean_output/iqtree/allSpecies/OG0017304_mafft_trimal.treefile moved
../clean_output/iqtree/allSpecies/OG0017307_mafft_trimal.treefile moved
../clean_output/iqtree/allSpecies/OG0017309_mafft_trimal.treefile moved
../clean_output/iqtree/allSpecies/OG0017310_mafft_trimal.treefile moved
../clean_output/iqtree/allSpecies/OG0017312_mafft_trimal.treefile moved
../clean_output/iqtree/allSpecies/OG0017314_mafft_trimal.treefile moved
../clean_output/iqtree/allSpecies/OG0017316_mafft_trimal.treefile moved
../clean_output/iqtree/allSpecies/OG0017317_mafft_trimal.treefile moved
../clean_output/iqtree/allSpecies/OG0017319_mafft_trimal.treefile moved
../clean_output/iqtree/allSpecies/OG0017320_mafft_trimal.treefile moved
../clean_output/iqtree/allSpecies/OG0017321_mafft_trimal.treefile moved
../clean_output/iqtree/allSpecies/OG0017322_mafft_trimal.treefile moved
../clean_output/iqtree/allSpecies/OG0017323_mafft_trimal.treefile moved
../clean_output/iqtree/allSpecies/OG0017324_mafft_trimal.treefile moved
../clean_output/iqtree/allSpecies/OG0017326_mafft_trimal.treefile moved
../clean_output/iqtree/allSpecies/OG0017328_mafft_trimal.treefile moved
../clean_output/iqtree/allSpecies/OG0017334_mafft_trimal.treefile moved
../clean_output/iqtree/allSpecies/OG0017335_mafft_trimal.treefile moved
../clean_output/iqtree/allSpecies/OG0017337_mafft_trimal.treefile moved
../clean_output/iqtree/allSpecies/OG0017338_mafft_trimal.treefile moved
../clean_output/iqtree/allSpecies/OG0017342_mafft_trimal.treefile moved
../clean_output/iqtree/allSpecies/OG0017343_mafft_trimal.treefile moved
../clean_output/iqtree/allSpecies/OG0017344_mafft_trimal.treefile moved
../clean_output/iqtree/allSpecies/OG0017345_mafft_trimal.treefile moved
../clean_output/iqtree/allSpecies/OG0017346_mafft_trimal.treefile moved
../clean_output/iqtree/allSpecies/OG0017350_mafft_trimal.treefile moved
../clean_output/iqtree/allSpecies/OG0017352_mafft_trimal.treefile moved
../clean_output/iqtree/allSpecies/OG0017354_mafft_trimal.treefile moved
../clean_output/iqtree/allSpecies/OG0017356_mafft_trimal.treefile moved
../clean_output/iqtree/allSpecies/OG0017359_mafft_trimal.treefile moved
../clean_output/iqtree/allSpecies/OG0017360_mafft_trimal.treefile moved
../clean_output/iqtree/allSpecies/OG0017361_mafft_trimal.treefile moved
../clean_output/iqtree/allSpecies/OG0017362_mafft_trimal.treefile moved
../clean_output/iqtree/allSpecies/OG0017363_mafft_trimal.treefile moved
../clean_output/iqtree/allSpecies/OG0017367_mafft_trimal.treefile moved
../clean_output/iqtree/allSpecies/OG0017368_mafft_trimal.treefile moved
../clean_output/iqtree/allSpecies/OG0017371_mafft_trimal.treefile moved
../clean_output/iqtree/allSpecies/OG0017373_mafft_trimal.treefile moved
../clean_output/iqtree/allSpecies/OG0017374_mafft_trimal.treefile moved
../clean_output/iqtree/allSpecies/OG0017375_mafft_trimal.treefile moved
../clean_output/iqtree/allSpecies/OG0017377_mafft_trimal.treefile moved
../clean_output/iqtree/allSpecies/OG0017378_mafft_trimal.treefile moved
../clean_output/iqtree/allSpecies/OG0017379_mafft_trimal.treefile moved
../clean_output/iqtree/allSpecies/OG0017380_mafft_trimal.treefile moved
../clean_output/iqtree/allSpecies/OG0017382_mafft_trimal.treefile moved
../clean_output/iqtree/allSpecies/OG0017385_mafft_trimal.treefile moved
../clean_output/iqtree/allSpecies/OG0017386_mafft_trimal.treefile moved
../clean_output/iqtree/allSpecies/OG0017390_mafft_trimal.treefile moved
../clean_output/iqtree/allSpecies/OG0017391_mafft_trimal.treefile moved
../clean_output/iqtree/allSpecies/OG0017392_mafft_trimal.treefile moved
../clean_output/iqtree/allSpecies/OG0017393_mafft_trimal.treefile moved
../clean_output/iqtree/allSpecies/OG0017394_mafft_trimal.treefile moved
../clean_output/iqtree/allSpecies/OG0017395_mafft_trimal.treefile moved
../clean_output/iqtree/allSpecies/OG0017398_mafft_trimal.treefile moved
../clean_output/iqtree/allSpecies/OG0017399_mafft_trimal.treefile moved
../clean_output/iqtree/allSpecies/OG0017400_mafft_trimal.treefile moved
../clean_output/iqtree/allSpecies/OG0017401_mafft_trimal.treefile moved
../clean_output/iqtree/allSpecies/OG0017405_mafft_trimal.treefile moved
../clean_output/iqtree/allSpecies/OG0017406_mafft_trimal.treefile moved
../clean_output/iqtree/allSpecies/OG0017407_mafft_trimal.treefile moved
../clean_output/iqtree/allSpecies/OG0017409_mafft_trimal.treefile moved
../clean_output/iqtree/allSpecies/OG0017410_mafft_trimal.treefile moved
../clean_output/iqtree/allSpecies/OG0017415_mafft_trimal.treefile moved
../clean_output/iqtree/allSpecies/OG0017416_mafft_trimal.treefile moved
../clean_output/iqtree/allSpecies/OG0017417_mafft_trimal.treefile moved
../clean_output/iqtree/allSpecies/OG0017419_mafft_trimal.treefile moved
../clean_output/iqtree/allSpecies/OG0017422_mafft_trimal.treefile moved
../clean_output/iqtree/allSpecies/OG0017425_mafft_trimal.treefile moved
../clean_output/iqtree/allSpecies/OG0017427_mafft_trimal.treefile moved
../clean_output/iqtree/allSpecies/OG0017428_mafft_trimal.treefile moved
../clean_output/iqtree/allSpecies/OG0017429_mafft_trimal.treefile moved
../clean_output/iqtree/allSpecies/OG0017430_mafft_trimal.treefile moved
../clean_output/iqtree/allSpecies/OG0017431_mafft_trimal.treefile moved
../clean_output/iqtree/allSpecies/OG0017432_mafft_trimal.treefile moved
../clean_output/iqtree/allSpecies/OG0017434_mafft_trimal.treefile moved
../clean_output/iqtree/allSpecies/OG0017435_mafft_trimal.treefile moved
../clean_output/iqtree/allSpecies/OG0017436_mafft_trimal.treefile moved
../clean_output/iqtree/allSpecies/OG0017441_mafft_trimal.treefile moved
../clean_output/iqtree/allSpecies/OG0017445_mafft_trimal.treefile moved
../clean_output/iqtree/allSpecies/OG0017447_mafft_trimal.treefile moved
../clean_output/iqtree/allSpecies/OG0017448_mafft_trimal.treefile moved
../clean_output/iqtree/allSpecies/OG0017450_mafft_trimal.treefile moved
../clean_output/iqtree/allSpecies/OG0017452_mafft_trimal.treefile moved
../clean_output/iqtree/allSpecies/OG0017453_mafft_trimal.treefile moved
../clean_output/iqtree/allSpecies/OG0017454_mafft_trimal.treefile moved
../clean_output/iqtree/allSpecies/OG0017455_mafft_trimal.treefile moved
../clean_output/iqtree/allSpecies/OG0017458_mafft_trimal.treefile moved
../clean_output/iqtree/allSpecies/OG0017459_mafft_trimal.treefile moved
../clean_output/iqtree/allSpecies/OG0017462_mafft_trimal.treefile moved
../clean_output/iqtree/allSpecies/OG0017466_mafft_trimal.treefile moved
../clean_output/iqtree/allSpecies/OG0017467_mafft_trimal.treefile moved
../clean_output/iqtree/allSpecies/OG0017469_mafft_trimal.treefile moved
../clean_output/iqtree/allSpecies/OG0017470_mafft_trimal.treefile moved
../clean_output/iqtree/allSpecies/OG0017473_mafft_trimal.treefile moved
../clean_output/iqtree/allSpecies/OG0017475_mafft_trimal.treefile moved
../clean_output/iqtree/allSpecies/OG0017476_mafft_trimal.treefile moved
../clean_output/iqtree/allSpecies/OG0017477_mafft_trimal.treefile moved
../clean_output/iqtree/allSpecies/OG0017478_mafft_trimal.treefile moved
../clean_output/iqtree/allSpecies/OG0017479_mafft_trimal.treefile moved
../clean_output/iqtree/allSpecies/OG0017480_mafft_trimal.treefile moved
../clean_output/iqtree/allSpecies/OG0017482_mafft_trimal.treefile moved
../clean_output/iqtree/allSpecies/OG0017483_mafft_trimal.treefile moved
../clean_output/iqtree/allSpecies/OG0017485_mafft_trimal.treefile moved
../clean_output/iqtree/allSpecies/OG0017488_mafft_trimal.treefile moved
../clean_output/iqtree/allSpecies/OG0017489_mafft_trimal.treefile moved
../clean_output/iqtree/allSpecies/OG0017490_mafft_trimal.treefile moved
../clean_output/iqtree/allSpecies/OG0017492_mafft_trimal.treefile moved
../clean_output/iqtree/allSpecies/OG0017493_mafft_trimal.treefile moved
../clean_output/iqtree/allSpecies/OG0017494_mafft_trimal.treefile moved
../clean_output/iqtree/allSpecies/OG0017496_mafft_trimal.treefile moved
../clean_output/iqtree/allSpecies/OG0017498_mafft_trimal.treefile moved
../clean_output/iqtree/allSpecies/OG0017499_mafft_trimal.treefile moved
../clean_output/iqtree/allSpecies/OG0017500_mafft_trimal.treefile moved
../clean_output/iqtree/allSpecies/OG0017503_mafft_trimal.treefile moved
../clean_output/iqtree/allSpecies/OG0017505_mafft_trimal.treefile moved
../clean_output/iqtree/allSpecies/OG0017506_mafft_trimal.treefile moved
../clean_output/iqtree/allSpecies/OG0017507_mafft_trimal.treefile moved
../clean_output/iqtree/allSpecies/OG0017508_mafft_trimal.treefile moved
../clean_output/iqtree/allSpecies/OG0017509_mafft_trimal.treefile moved
../clean_output/iqtree/allSpecies/OG0017510_mafft_trimal.treefile moved
../clean_output/iqtree/allSpecies/OG0017511_mafft_trimal.treefile moved
../clean_output/iqtree/allSpecies/OG0017515_mafft_trimal.treefile moved
../clean_output/iqtree/allSpecies/OG0017517_mafft_trimal.treefile moved
../clean_output/iqtree/allSpecies/OG0017525_mafft_trimal.treefile moved
../clean_output/iqtree/allSpecies/OG0017527_mafft_trimal.treefile moved
../clean_output/iqtree/allSpecies/OG0017529_mafft_trimal.treefile moved
../clean_output/iqtree/allSpecies/OG0017533_mafft_trimal.treefile moved
../clean_output/iqtree/allSpecies/OG0017534_mafft_trimal.treefile moved
../clean_output/iqtree/allSpecies/OG0017535_mafft_trimal.treefile moved
../clean_output/iqtree/allSpecies/OG0017536_mafft_trimal.treefile moved
../clean_output/iqtree/allSpecies/OG0017540_mafft_trimal.treefile moved
../clean_output/iqtree/allSpecies/OG0017545_mafft_trimal.treefile moved
../clean_output/iqtree/allSpecies/OG0017546_mafft_trimal.treefile moved
../clean_output/iqtree/allSpecies/OG0017547_mafft_trimal.treefile moved
../clean_output/iqtree/allSpecies/OG0017548_mafft_trimal.treefile moved
../clean_output/iqtree/allSpecies/OG0017549_mafft_trimal.treefile moved
../clean_output/iqtree/allSpecies/OG0017556_mafft_trimal.treefile moved
../clean_output/iqtree/allSpecies/OG0017558_mafft_trimal.treefile moved
../clean_output/iqtree/allSpecies/OG0017559_mafft_trimal.treefile moved
../clean_output/iqtree/allSpecies/OG0017562_mafft_trimal.treefile moved
../clean_output/iqtree/allSpecies/OG0017564_mafft_trimal.treefile moved
../clean_output/iqtree/allSpecies/OG0017565_mafft_trimal.treefile moved
../clean_output/iqtree/allSpecies/OG0017571_mafft_trimal.treefile moved
../clean_output/iqtree/allSpecies/OG0017572_mafft_trimal.treefile moved
../clean_output/iqtree/allSpecies/OG0017576_mafft_trimal.treefile moved
../clean_output/iqtree/allSpecies/OG0017577_mafft_trimal.treefile moved
../clean_output/iqtree/allSpecies/OG0017579_mafft_trimal.treefile moved
../clean_output/iqtree/allSpecies/OG0017581_mafft_trimal.treefile moved
../clean_output/iqtree/allSpecies/OG0017584_mafft_trimal.treefile moved
../clean_output/iqtree/allSpecies/OG0017586_mafft_trimal.treefile moved
../clean_output/iqtree/allSpecies/OG0017587_mafft_trimal.treefile moved
../clean_output/iqtree/allSpecies/OG0017592_mafft_trimal.treefile moved
../clean_output/iqtree/allSpecies/OG0017593_mafft_trimal.treefile moved
../clean_output/iqtree/allSpecies/OG0017599_mafft_trimal.treefile moved
../clean_output/iqtree/allSpecies/OG0017600_mafft_trimal.treefile moved
../clean_output/iqtree/allSpecies/OG0017604_mafft_trimal.treefile moved
../clean_output/iqtree/allSpecies/OG0017605_mafft_trimal.treefile moved
../clean_output/iqtree/allSpecies/OG0017607_mafft_trimal.treefile moved
../clean_output/iqtree/allSpecies/OG0017608_mafft_trimal.treefile moved
../clean_output/iqtree/allSpecies/OG0017609_mafft_trimal.treefile moved
../clean_output/iqtree/allSpecies/OG0017613_mafft_trimal.treefile moved
../clean_output/iqtree/allSpecies/OG0017614_mafft_trimal.treefile moved
../clean_output/iqtree/allSpecies/OG0017615_mafft_trimal.treefile moved
../clean_output/iqtree/allSpecies/OG0017616_mafft_trimal.treefile moved
../clean_output/iqtree/allSpecies/OG0017618_mafft_trimal.treefile moved
../clean_output/iqtree/allSpecies/OG0017619_mafft_trimal.treefile moved
../clean_output/iqtree/allSpecies/OG0017621_mafft_trimal.treefile moved
../clean_output/iqtree/allSpecies/OG0017622_mafft_trimal.treefile moved
../clean_output/iqtree/allSpecies/OG0017623_mafft_trimal.treefile moved
../clean_output/iqtree/allSpecies/OG0017624_mafft_trimal.treefile moved
../clean_output/iqtree/allSpecies/OG0017628_mafft_trimal.treefile moved
../clean_output/iqtree/allSpecies/OG0017639_mafft_trimal.treefile moved
../clean_output/iqtree/allSpecies/OG0017641_mafft_trimal.treefile moved
../clean_output/iqtree/allSpecies/OG0017644_mafft_trimal.treefile moved
../clean_output/iqtree/allSpecies/OG0017646_mafft_trimal.treefile moved
../clean_output/iqtree/allSpecies/OG0017648_mafft_trimal.treefile moved
../clean_output/iqtree/allSpecies/OG0017649_mafft_trimal.treefile moved
../clean_output/iqtree/allSpecies/OG0017650_mafft_trimal.treefile moved
../clean_output/iqtree/allSpecies/OG0017652_mafft_trimal.treefile moved
../clean_output/iqtree/allSpecies/OG0017654_mafft_trimal.treefile moved
../clean_output/iqtree/allSpecies/OG0017657_mafft_trimal.treefile moved
../clean_output/iqtree/allSpecies/OG0017658_mafft_trimal.treefile moved
../clean_output/iqtree/allSpecies/OG0017659_mafft_trimal.treefile moved
../clean_output/iqtree/allSpecies/OG0017660_mafft_trimal.treefile moved
../clean_output/iqtree/allSpecies/OG0017661_mafft_trimal.treefile moved
../clean_output/iqtree/allSpecies/OG0017663_mafft_trimal.treefile moved
../clean_output/iqtree/allSpecies/OG0017665_mafft_trimal.treefile moved
../clean_output/iqtree/allSpecies/OG0017667_mafft_trimal.treefile moved
../clean_output/iqtree/allSpecies/OG0017671_mafft_trimal.treefile moved
../clean_output/iqtree/allSpecies/OG0017673_mafft_trimal.treefile moved
../clean_output/iqtree/allSpecies/OG0017674_mafft_trimal.treefile moved
../clean_output/iqtree/allSpecies/OG0017675_mafft_trimal.treefile moved
../clean_output/iqtree/allSpecies/OG0017677_mafft_trimal.treefile moved
../clean_output/iqtree/allSpecies/OG0017678_mafft_trimal.treefile moved
../clean_output/iqtree/allSpecies/OG0017679_mafft_trimal.treefile moved
../clean_output/iqtree/allSpecies/OG0017680_mafft_trimal.treefile moved
../clean_output/iqtree/allSpecies/OG0017681_mafft_trimal.treefile moved
../clean_output/iqtree/allSpecies/OG0017683_mafft_trimal.treefile moved
../clean_output/iqtree/allSpecies/OG0017688_mafft_trimal.treefile moved
../clean_output/iqtree/allSpecies/OG0017690_mafft_trimal.treefile moved
../clean_output/iqtree/allSpecies/OG0017691_mafft_trimal.treefile moved
../clean_output/iqtree/allSpecies/OG0017699_mafft_trimal.treefile moved
../clean_output/iqtree/allSpecies/OG0017700_mafft_trimal.treefile moved
../clean_output/iqtree/allSpecies/OG0017702_mafft_trimal.treefile moved
../clean_output/iqtree/allSpecies/OG0017703_mafft_trimal.treefile moved
../clean_output/iqtree/allSpecies/OG0017706_mafft_trimal.treefile moved
../clean_output/iqtree/allSpecies/OG0017708_mafft_trimal.treefile moved
../clean_output/iqtree/allSpecies/OG0017709_mafft_trimal.treefile moved
../clean_output/iqtree/allSpecies/OG0017711_mafft_trimal.treefile moved
../clean_output/iqtree/allSpecies/OG0017713_mafft_trimal.treefile moved
../clean_output/iqtree/allSpecies/OG0017714_mafft_trimal.treefile moved
../clean_output/iqtree/allSpecies/OG0017716_mafft_trimal.treefile moved
../clean_output/iqtree/allSpecies/OG0017717_mafft_trimal.treefile moved
../clean_output/iqtree/allSpecies/OG0017718_mafft_trimal.treefile moved
../clean_output/iqtree/allSpecies/OG0017719_mafft_trimal.treefile moved
../clean_output/iqtree/allSpecies/OG0017721_mafft_trimal.treefile moved
../clean_output/iqtree/allSpecies/OG0017723_mafft_trimal.treefile moved
../clean_output/iqtree/allSpecies/OG0017726_mafft_trimal.treefile moved
../clean_output/iqtree/allSpecies/OG0017730_mafft_trimal.treefile moved
../clean_output/iqtree/allSpecies/OG0017732_mafft_trimal.treefile moved
../clean_output/iqtree/allSpecies/OG0017735_mafft_trimal.treefile moved
../clean_output/iqtree/allSpecies/OG0017736_mafft_trimal.treefile moved
../clean_output/iqtree/allSpecies/OG0017737_mafft_trimal.treefile moved
../clean_output/iqtree/allSpecies/OG0017740_mafft_trimal.treefile moved
../clean_output/iqtree/allSpecies/OG0017741_mafft_trimal.treefile moved
../clean_output/iqtree/allSpecies/OG0017742_mafft_trimal.treefile moved
../clean_output/iqtree/allSpecies/OG0017744_mafft_trimal.treefile moved
../clean_output/iqtree/allSpecies/OG0017746_mafft_trimal.treefile moved
../clean_output/iqtree/allSpecies/OG0017747_mafft_trimal.treefile moved
../clean_output/iqtree/allSpecies/OG0017750_mafft_trimal.treefile moved
../clean_output/iqtree/allSpecies/OG0017752_mafft_trimal.treefile moved
../clean_output/iqtree/allSpecies/OG0017758_mafft_trimal.treefile moved
../clean_output/iqtree/allSpecies/OG0017759_mafft_trimal.treefile moved
../clean_output/iqtree/allSpecies/OG0017762_mafft_trimal.treefile moved
../clean_output/iqtree/allSpecies/OG0017763_mafft_trimal.treefile moved
../clean_output/iqtree/allSpecies/OG0017764_mafft_trimal.treefile moved
../clean_output/iqtree/allSpecies/OG0017766_mafft_trimal.treefile moved
../clean_output/iqtree/allSpecies/OG0017770_mafft_trimal.treefile moved
../clean_output/iqtree/allSpecies/OG0017771_mafft_trimal.treefile moved
../clean_output/iqtree/allSpecies/OG0017773_mafft_trimal.treefile moved
../clean_output/iqtree/allSpecies/OG0017774_mafft_trimal.treefile moved
../clean_output/iqtree/allSpecies/OG0017775_mafft_trimal.treefile moved
../clean_output/iqtree/allSpecies/OG0017776_mafft_trimal.treefile moved
../clean_output/iqtree/allSpecies/OG0017777_mafft_trimal.treefile moved
../clean_output/iqtree/allSpecies/OG0017778_mafft_trimal.treefile moved
../clean_output/iqtree/allSpecies/OG0017779_mafft_trimal.treefile moved
../clean_output/iqtree/allSpecies/OG0017780_mafft_trimal.treefile moved
../clean_output/iqtree/allSpecies/OG0017781_mafft_trimal.treefile moved
../clean_output/iqtree/allSpecies/OG0017787_mafft_trimal.treefile moved
../clean_output/iqtree/allSpecies/OG0017791_mafft_trimal.treefile moved
../clean_output/iqtree/allSpecies/OG0017792_mafft_trimal.treefile moved
../clean_output/iqtree/allSpecies/OG0017795_mafft_trimal.treefile moved
../clean_output/iqtree/allSpecies/OG0017796_mafft_trimal.treefile moved
../clean_output/iqtree/allSpecies/OG0017800_mafft_trimal.treefile moved
../clean_output/iqtree/allSpecies/OG0017801_mafft_trimal.treefile moved
../clean_output/iqtree/allSpecies/OG0017804_mafft_trimal.treefile moved
../clean_output/iqtree/allSpecies/OG0017807_mafft_trimal.treefile moved
../clean_output/iqtree/allSpecies/OG0017817_mafft_trimal.treefile moved
../clean_output/iqtree/allSpecies/OG0017819_mafft_trimal.treefile moved
../clean_output/iqtree/allSpecies/OG0017820_mafft_trimal.treefile moved
../clean_output/iqtree/allSpecies/OG0017821_mafft_trimal.treefile moved
../clean_output/iqtree/allSpecies/OG0017822_mafft_trimal.treefile moved
../clean_output/iqtree/allSpecies/OG0017823_mafft_trimal.treefile moved
../clean_output/iqtree/allSpecies/OG0017824_mafft_trimal.treefile moved
../clean_output/iqtree/allSpecies/OG0017828_mafft_trimal.treefile moved
../clean_output/iqtree/allSpecies/OG0017831_mafft_trimal.treefile moved
../clean_output/iqtree/allSpecies/OG0017834_mafft_trimal.treefile moved
../clean_output/iqtree/allSpecies/OG0017835_mafft_trimal.treefile moved
../clean_output/iqtree/allSpecies/OG0017836_mafft_trimal.treefile moved
../clean_output/iqtree/allSpecies/OG0017837_mafft_trimal.treefile moved
../clean_output/iqtree/allSpecies/OG0017838_mafft_trimal.treefile moved
../clean_output/iqtree/allSpecies/OG0017842_mafft_trimal.treefile moved
../clean_output/iqtree/allSpecies/OG0017846_mafft_trimal.treefile moved
../clean_output/iqtree/allSpecies/OG0017847_mafft_trimal.treefile moved
../clean_output/iqtree/allSpecies/OG0017849_mafft_trimal.treefile moved
../clean_output/iqtree/allSpecies/OG0017850_mafft_trimal.treefile moved
../clean_output/iqtree/allSpecies/OG0017852_mafft_trimal.treefile moved
../clean_output/iqtree/allSpecies/OG0017853_mafft_trimal.treefile moved
../clean_output/iqtree/allSpecies/OG0017857_mafft_trimal.treefile moved
../clean_output/iqtree/allSpecies/OG0017859_mafft_trimal.treefile moved
../clean_output/iqtree/allSpecies/OG0017862_mafft_trimal.treefile moved
../clean_output/iqtree/allSpecies/OG0017869_mafft_trimal.treefile moved
../clean_output/iqtree/allSpecies/OG0017872_mafft_trimal.treefile moved
../clean_output/iqtree/allSpecies/OG0017875_mafft_trimal.treefile moved
../clean_output/iqtree/allSpecies/OG0017876_mafft_trimal.treefile moved
../clean_output/iqtree/allSpecies/OG0017882_mafft_trimal.treefile moved
../clean_output/iqtree/allSpecies/OG0017884_mafft_trimal.treefile moved
../clean_output/iqtree/allSpecies/OG0017885_mafft_trimal.treefile moved
../clean_output/iqtree/allSpecies/OG0017886_mafft_trimal.treefile moved
../clean_output/iqtree/allSpecies/OG0017887_mafft_trimal.treefile moved
../clean_output/iqtree/allSpecies/OG0017888_mafft_trimal.treefile moved
../clean_output/iqtree/allSpecies/OG0017889_mafft_trimal.treefile moved
../clean_output/iqtree/allSpecies/OG0017890_mafft_trimal.treefile moved
../clean_output/iqtree/allSpecies/OG0017892_mafft_trimal.treefile moved
../clean_output/iqtree/allSpecies/OG0017893_mafft_trimal.treefile moved
../clean_output/iqtree/allSpecies/OG0017894_mafft_trimal.treefile moved
../clean_output/iqtree/allSpecies/OG0017895_mafft_trimal.treefile moved
../clean_output/iqtree/allSpecies/OG0017898_mafft_trimal.treefile moved
../clean_output/iqtree/allSpecies/OG0017899_mafft_trimal.treefile moved
../clean_output/iqtree/allSpecies/OG0017901_mafft_trimal.treefile moved
../clean_output/iqtree/allSpecies/OG0017902_mafft_trimal.treefile moved
../clean_output/iqtree/allSpecies/OG0017903_mafft_trimal.treefile moved
../clean_output/iqtree/allSpecies/OG0017905_mafft_trimal.treefile moved
../clean_output/iqtree/allSpecies/OG0017907_mafft_trimal.treefile moved
../clean_output/iqtree/allSpecies/OG0017910_mafft_trimal.treefile moved
../clean_output/iqtree/allSpecies/OG0017911_mafft_trimal.treefile moved
../clean_output/iqtree/allSpecies/OG0017913_mafft_trimal.treefile moved
../clean_output/iqtree/allSpecies/OG0017915_mafft_trimal.treefile moved
../clean_output/iqtree/allSpecies/OG0017918_mafft_trimal.treefile moved
../clean_output/iqtree/allSpecies/OG0017919_mafft_trimal.treefile moved
../clean_output/iqtree/allSpecies/OG0017920_mafft_trimal.treefile moved
../clean_output/iqtree/allSpecies/OG0017923_mafft_trimal.treefile moved
../clean_output/iqtree/allSpecies/OG0017926_mafft_trimal.treefile moved
../clean_output/iqtree/allSpecies/OG0017928_mafft_trimal.treefile moved
../clean_output/iqtree/allSpecies/OG0017929_mafft_trimal.treefile moved
../clean_output/iqtree/allSpecies/OG0017932_mafft_trimal.treefile moved
../clean_output/iqtree/allSpecies/OG0017935_mafft_trimal.treefile moved
../clean_output/iqtree/allSpecies/OG0017936_mafft_trimal.treefile moved
../clean_output/iqtree/allSpecies/OG0017938_mafft_trimal.treefile moved
../clean_output/iqtree/allSpecies/OG0017941_mafft_trimal.treefile moved
../clean_output/iqtree/allSpecies/OG0017942_mafft_trimal.treefile moved
../clean_output/iqtree/allSpecies/OG0017943_mafft_trimal.treefile moved
../clean_output/iqtree/allSpecies/OG0017945_mafft_trimal.treefile moved
../clean_output/iqtree/allSpecies/OG0017946_mafft_trimal.treefile moved
../clean_output/iqtree/allSpecies/OG0017950_mafft_trimal.treefile moved
../clean_output/iqtree/allSpecies/OG0017956_mafft_trimal.treefile moved
../clean_output/iqtree/allSpecies/OG0017958_mafft_trimal.treefile moved
../clean_output/iqtree/allSpecies/OG0017961_mafft_trimal.treefile moved
../clean_output/iqtree/allSpecies/OG0017962_mafft_trimal.treefile moved
../clean_output/iqtree/allSpecies/OG0017963_mafft_trimal.treefile moved
../clean_output/iqtree/allSpecies/OG0017964_mafft_trimal.treefile moved
../clean_output/iqtree/allSpecies/OG0017965_mafft_trimal.treefile moved
../clean_output/iqtree/allSpecies/OG0017968_mafft_trimal.treefile moved
../clean_output/iqtree/allSpecies/OG0017969_mafft_trimal.treefile moved
../clean_output/iqtree/allSpecies/OG0017970_mafft_trimal.treefile moved
../clean_output/iqtree/allSpecies/OG0017971_mafft_trimal.treefile moved
../clean_output/iqtree/allSpecies/OG0017976_mafft_trimal.treefile moved
../clean_output/iqtree/allSpecies/OG0017979_mafft_trimal.treefile moved
../clean_output/iqtree/allSpecies/OG0017984_mafft_trimal.treefile moved
../clean_output/iqtree/allSpecies/OG0017986_mafft_trimal.treefile moved
../clean_output/iqtree/allSpecies/OG0017987_mafft_trimal.treefile moved
../clean_output/iqtree/allSpecies/OG0017993_mafft_trimal.treefile moved
../clean_output/iqtree/allSpecies/OG0017995_mafft_trimal.treefile moved
../clean_output/iqtree/allSpecies/OG0017996_mafft_trimal.treefile moved
../clean_output/iqtree/allSpecies/OG0017997_mafft_trimal.treefile moved
../clean_output/iqtree/allSpecies/OG0017998_mafft_trimal.treefile moved
../clean_output/iqtree/allSpecies/OG0017999_mafft_trimal.treefile moved

Résultats dans : ../clean_output/iqtree/rf_output/results_RF.tsv
Traceback (most recent call last):
  File "/projects/shared_tp_storage/tp_emp25_41033/truite/4_Tree_analysis/4_extract_rf.py", line 1, in <module>
    import pandas as pd
ModuleNotFoundError: No module named 'pandas'
